FILE_TYPE=LIBRARY_PARTS;
PRIMITIVE 'ABS07_32.768KHZ_9_T','ABS07_32.768KHZ_9_T_Other';
  PIN
    '1':
      PIN_NUMBER='(1)';
      NO_LOAD_CHECK=BOTH;
      NO_IO_CHECK=BOTH;
      ALLOW_CONNECT=TRUE;
      PINUSE='UNSPEC';
    '2':
      PIN_NUMBER='(2)';
      NO_LOAD_CHECK=BOTH;
      NO_IO_CHECK=BOTH;
      ALLOW_CONNECT=TRUE;
      PINUSE='UNSPEC';
  END_PIN;
  BODY
    PART_NAME='ABS07_32.768KHZ_9_T';
    PHYS_DES_PREFIX='Y';
    NO_LOAD_CHECK='TRUE';
    PIN_COUNT='2';
    BODY_NAME='ABS07_32.768KHZ_9_T';
    JEDEC_TYPE='ABS07';
  END_BODY;
END_PRIMITIVE;
END.
